0 info it worked if it ends with ok
1 verbose cli [ 'node', '/usr/local/bin/npm', 'install', 'mongoose' ]
2 info using npm@2.7.4
3 info using node@v0.12.2
4 verbose install mongoose is installed as 3.8.27
5 silly cache add args [ 'mongoose@^3.8.27', null ]
6 verbose cache add spec mongoose@^3.8.27
7 silly cache add parsed spec { raw: 'mongoose@^3.8.27',
7 silly cache add   scope: null,
7 silly cache add   name: 'mongoose',
7 silly cache add   rawSpec: '^3.8.27',
7 silly cache add   spec: '>=3.8.27 <4.0.0',
7 silly cache add   type: 'range' }
8 verbose addNamed mongoose@>=3.8.27 <4.0.0
9 silly addNamed semver.valid null
10 silly addNamed semver.validRange >=3.8.27 <4.0.0
11 silly addNameRange { name: 'mongoose', range: '>=3.8.27 <4.0.0', hasData: false }
12 silly mapToRegistry name mongoose
13 silly mapToRegistry using default registry
14 silly mapToRegistry registry https://registry.npmjs.org/
15 silly mapToRegistry uri https://registry.npmjs.org/mongoose
16 verbose addNameRange registry:https://registry.npmjs.org/mongoose not in flight; fetching
17 verbose request uri https://registry.npmjs.org/mongoose
18 verbose request no auth needed
19 info attempt registry request try #1 at 11:37:14 PM
20 verbose request id 50527d576bb60b69
21 http request GET https://registry.npmjs.org/mongoose
22 http 200 https://registry.npmjs.org/mongoose
23 silly get cb [ 200,
23 silly get   { server: 'CouchDB/1.5.0 (Erlang OTP/R16B03)',
23 silly get     etag: '"4LLC6FJ7QPKQKUVDNK3ELJQ2H"',
23 silly get     'content-type': 'application/json',
23 silly get     'cache-control': 'max-age=60',
23 silly get     'content-length': '335134',
23 silly get     'accept-ranges': 'bytes',
23 silly get     date: 'Tue, 14 Jul 2015 06:37:15 GMT',
23 silly get     via: '1.1 varnish',
23 silly get     age: '58',
23 silly get     connection: 'keep-alive',
23 silly get     'x-served-by': 'cache-sjc3127-SJC',
23 silly get     'x-cache': 'HIT',
23 silly get     'x-cache-hits': '1',
23 silly get     'x-timer': 'S1436855835.153494,VS0,VE2',
23 silly get     vary: 'Accept' } ]
24 verbose get saving mongoose to /Users/alexf4/.npm/registry.npmjs.org/mongoose/.cache.json
25 silly addNameRange number 2 { name: 'mongoose', range: '>=3.8.27 <4.0.0', hasData: true }
26 silly addNameRange versions [ 'mongoose',
26 silly addNameRange   [ '0.0.1',
26 silly addNameRange     '0.0.2',
26 silly addNameRange     '0.0.3',
26 silly addNameRange     '0.0.4',
26 silly addNameRange     '0.0.5',
26 silly addNameRange     '1.0.0',
26 silly addNameRange     '1.0.1',
26 silly addNameRange     '1.0.2',
26 silly addNameRange     '0.0.6',
26 silly addNameRange     '1.0.3',
26 silly addNameRange     '1.0.4',
26 silly addNameRange     '1.0.5',
26 silly addNameRange     '1.0.6',
26 silly addNameRange     '1.0.7',
26 silly addNameRange     '1.0.8',
26 silly addNameRange     '1.0.10',
26 silly addNameRange     '1.0.11',
26 silly addNameRange     '1.0.12',
26 silly addNameRange     '1.0.13',
26 silly addNameRange     '1.0.14',
26 silly addNameRange     '1.0.15',
26 silly addNameRange     '1.0.16',
26 silly addNameRange     '1.1.0',
26 silly addNameRange     '1.1.1',
26 silly addNameRange     '1.1.2',
26 silly addNameRange     '1.1.3',
26 silly addNameRange     '1.1.4',
26 silly addNameRange     '1.1.5',
26 silly addNameRange     '1.1.6',
26 silly addNameRange     '1.1.7',
26 silly addNameRange     '1.1.8',
26 silly addNameRange     '1.1.9',
26 silly addNameRange     '1.1.10',
26 silly addNameRange     '1.1.11',
26 silly addNameRange     '1.1.12',
26 silly addNameRange     '1.1.13',
26 silly addNameRange     '1.1.14',
26 silly addNameRange     '1.1.15',
26 silly addNameRange     '1.1.16',
26 silly addNameRange     '1.1.17',
26 silly addNameRange     '1.1.18',
26 silly addNameRange     '1.1.19',
26 silly addNameRange     '1.1.20',
26 silly addNameRange     '1.1.21',
26 silly addNameRange     '1.1.22',
26 silly addNameRange     '1.1.23',
26 silly addNameRange     '1.1.24',
26 silly addNameRange     '1.1.25',
26 silly addNameRange     '1.2.0',
26 silly addNameRange     '1.3.0',
26 silly addNameRange     '1.3.1',
26 silly addNameRange     '1.3.2',
26 silly addNameRange     '1.3.3',
26 silly addNameRange     '1.3.4',
26 silly addNameRange     '1.3.5',
26 silly addNameRange     '1.3.6',
26 silly addNameRange     '1.3.7',
26 silly addNameRange     '1.4.0',
26 silly addNameRange     '1.5.0',
26 silly addNameRange     '1.6.0',
26 silly addNameRange     '1.7.2',
26 silly addNameRange     '1.7.3',
26 silly addNameRange     '1.7.4',
26 silly addNameRange     '1.8.0',
26 silly addNameRange     '1.8.1',
26 silly addNameRange     '1.8.2',
26 silly addNameRange     '1.8.3',
26 silly addNameRange     '1.8.4',
26 silly addNameRange     '2.0.0',
26 silly addNameRange     '2.0.1',
26 silly addNameRange     '2.0.2',
26 silly addNameRange     '2.0.3',
26 silly addNameRange     '2.0.4',
26 silly addNameRange     '2.1.0',
26 silly addNameRange     '2.1.1',
26 silly addNameRange     '2.1.2',
26 silly addNameRange     '2.1.3',
26 silly addNameRange     '2.1.4',
26 silly addNameRange     '2.2.0',
26 silly addNameRange     '2.2.1',
26 silly addNameRange     '2.2.2',
26 silly addNameRange     '2.2.3',
26 silly addNameRange     '2.2.4',
26 silly addNameRange     '2.3.0',
26 silly addNameRange     '2.3.1',
26 silly addNameRange     '2.3.2',
26 silly addNameRange     '2.3.3',
26 silly addNameRange     '2.3.4',
26 silly addNameRange     '2.3.5',
26 silly addNameRange     '2.3.6',
26 silly addNameRange     '2.3.7',
26 silly addNameRange     '2.3.8',
26 silly addNameRange     '2.3.9',
26 silly addNameRange     '2.3.10',
26 silly addNameRange     '2.3.11',
26 silly addNameRange     '2.3.12',
26 silly addNameRange     '2.3.13',
26 silly addNameRange     '2.4.0',
26 silly addNameRange     '2.4.1',
26 silly addNameRange     '2.4.2',
26 silly addNameRange     '2.4.3',
26 silly addNameRange     '2.4.4',
26 silly addNameRange     '2.4.5',
26 silly addNameRange     '2.4.6',
26 silly addNameRange     '2.4.7',
26 silly addNameRange     '2.4.8',
26 silly addNameRange     '2.4.9',
26 silly addNameRange     '2.4.10',
26 silly addNameRange     '2.5.0',
26 silly addNameRange     '2.5.1',
26 silly addNameRange     '2.5.2',
26 silly addNameRange     '2.5.3',
26 silly addNameRange     '2.5.4',
26 silly addNameRange     '2.5.5',
26 silly addNameRange     '2.5.6',
26 silly addNameRange     '2.5.7',
26 silly addNameRange     '2.5.8',
26 silly addNameRange     '2.5.9',
26 silly addNameRange     '2.5.10',
26 silly addNameRange     '2.5.11',
26 silly addNameRange     '2.5.12',
26 silly addNameRange     '2.5.13',
26 silly addNameRange     '2.5.14',
26 silly addNameRange     '2.6.0',
26 silly addNameRange     '2.6.1',
26 silly addNameRange     '2.6.2',
26 silly addNameRange     '2.6.3',
26 silly addNameRange     '2.6.4',
26 silly addNameRange     '2.6.5',
26 silly addNameRange     '2.6.6',
26 silly addNameRange     '2.6.7',
26 silly addNameRange     '2.6.8',
26 silly addNameRange     '2.7.0',
26 silly addNameRange     '2.7.1',
26 silly addNameRange     '2.7.2',
26 silly addNameRange     '2.7.4',
26 silly addNameRange     '2.7.3',
26 silly addNameRange     '3.0.0',
26 silly addNameRange     '3.0.1',
26 silly addNameRange     '3.0.2',
26 silly addNameRange     '2.8.0',
26 silly addNameRange     '3.0.3',
26 silly addNameRange     '3.1.0',
26 silly addNameRange     '2.8.1',
26 silly addNameRange     '3.1.1',
26 silly addNameRange     '2.8.2',
26 silly addNameRange     '2.8.3',
26 silly addNameRange     '2.9.0',
26 silly addNameRange     '3.2.0',
26 silly addNameRange     '2.9.1',
26 silly addNameRange     '3.2.1',
26 silly addNameRange     '2.9.2',
26 silly addNameRange     '3.2.2',
26 silly addNameRange     '3.3.0',
26 silly addNameRange     '3.3.1',
26 silly addNameRange     '2.9.3',
26 silly addNameRange     '3.4.0',
26 silly addNameRange     '2.9.4',
26 silly addNameRange     '2.9.5',
26 silly addNameRange     '3.5.0',
26 silly addNameRange     '3.5.1',
26 silly addNameRange     '3.5.2',
26 silly addNameRange     '3.5.3',
26 silly addNameRange     '2.9.6',
26 silly addNameRange     '2.9.7',
26 silly addNameRange     '3.5.4',
26 silly addNameRange     '3.5.5',
26 silly addNameRange     '2.9.8',
26 silly addNameRange     '2.9.9',
26 silly addNameRange     '3.5.6',
26 silly addNameRange     '3.5.7',
26 silly addNameRange     '3.5.8',
26 silly addNameRange     '2.9.10',
26 silly addNameRange     '3.5.9',
26 silly addNameRange     '3.6.2',
26 silly addNameRange     '3.5.10',
26 silly addNameRange     '3.6.3',
26 silly addNameRange     '3.5.11',
26 silly addNameRange     '3.6.4',
26 silly addNameRange     '3.6.5',
26 silly addNameRange     '3.6.6',
26 silly addNameRange     '3.6.7',
26 silly addNameRange     '3.5.12',
26 silly addNameRange     '3.6.8',
26 silly addNameRange     '3.6.9',
26 silly addNameRange     '3.6.10',
26 silly addNameRange     '3.5.13',
26 silly addNameRange     '3.5.14',
26 silly addNameRange     '3.6.11',
26 silly addNameRange     '3.6.12',
26 silly addNameRange     '3.6.13',
26 silly addNameRange     '3.6.14',
26 silly addNameRange     '3.6.15',
26 silly addNameRange     '3.5.15',
26 silly addNameRange     '3.7.0',
26 silly addNameRange     '3.6.16',
26 silly addNameRange     '3.5.16',
26 silly addNameRange     '3.6.17',
26 silly addNameRange     '3.7.2',
26 silly addNameRange     '3.0.0-alpha1',
26 silly addNameRange     '3.0.0-alpha2',
26 silly addNameRange     '3.0.0-rc0',
26 silly addNameRange     '3.6.0-rc0',
26 silly addNameRange     '3.6.0-rc1',
26 silly addNameRange     '3.6.18',
26 silly addNameRange     '3.7.3',
26 silly addNameRange     '3.6.19',
26 silly addNameRange     '3.6.20',
26 silly addNameRange     '3.7.4',
26 silly addNameRange     '3.8.0',
26 silly addNameRange     '3.8.1',
26 silly addNameRange     '3.8.2',
26 silly addNameRange     '3.8.3',
26 silly addNameRange     '3.8.4',
26 silly addNameRange     '3.8.5',
26 silly addNameRange     '3.8.6',
26 silly addNameRange     '3.8.7',
26 silly addNameRange     '3.8.8',
26 silly addNameRange     '3.8.9',
26 silly addNameRange     '3.8.10',
26 silly addNameRange     '3.8.11',
26 silly addNameRange     '3.9.0',
26 silly addNameRange     '3.8.12',
26 silly addNameRange     '3.8.13',
26 silly addNameRange     '3.8.14',
26 silly addNameRange     '3.8.15',
26 silly addNameRange     '3.9.1',
26 silly addNameRange     '3.8.16',
26 silly addNameRange     '3.9.2',
26 silly addNameRange     '3.8.17',
26 silly addNameRange     '3.9.3',
26 silly addNameRange     '3.8.18',
26 silly addNameRange     '3.9.4',
26 silly addNameRange     '3.8.19',
26 silly addNameRange     '3.9.5',
26 silly addNameRange     '3.8.20',
26 silly addNameRange     '3.9.6',
26 silly addNameRange     '3.8.21',
26 silly addNameRange     '3.9.7',
26 silly addNameRange     '3.8.22',
26 silly addNameRange     '4.0.0-rc0',
26 silly addNameRange     '4.0.0-rc1',
26 silly addNameRange     '3.8.23',
26 silly addNameRange     '4.0.0-rc2',
26 silly addNameRange     '3.8.24',
26 silly addNameRange     '4.0.0-rc3',
26 silly addNameRange     '3.8.25',
26 silly addNameRange     '4.0.0-rc4',
26 silly addNameRange     '4.0.0',
26 silly addNameRange     '4.0.1',
26 silly addNameRange     '3.8.26',
26 silly addNameRange     '3.8.27',
26 silly addNameRange     '4.0.2',
26 silly addNameRange     '3.8.28',
26 silly addNameRange     '4.0.3',
26 silly addNameRange     '3.8.29',
26 silly addNameRange     '4.0.4',
26 silly addNameRange     '3.8.30',
26 silly addNameRange     '4.0.5',
26 silly addNameRange     '3.8.31',
26 silly addNameRange     '4.0.6',
26 silly addNameRange     '3.8.33',
26 silly addNameRange     '4.0.7' ] ]
27 verbose addNamed mongoose@3.9.7
28 silly addNamed semver.valid 3.9.7
29 silly addNamed semver.validRange 3.9.7
30 silly mapToRegistry name mongoose
31 silly mapToRegistry using default registry
32 silly mapToRegistry registry https://registry.npmjs.org/
33 silly mapToRegistry uri https://registry.npmjs.org/mongoose
34 verbose addRemoteTarball https://registry.npmjs.org/mongoose/-/mongoose-3.9.7.tgz not in flight; adding
35 verbose addRemoteTarball [ 'https://registry.npmjs.org/mongoose/-/mongoose-3.9.7.tgz',
35 verbose addRemoteTarball   'b315e6ebe5cefcce3843504b791f038828048da6' ]
36 info retry fetch attempt 1 at 11:37:15 PM
37 info attempt registry request try #1 at 11:37:15 PM
38 http fetch GET https://registry.npmjs.org/mongoose/-/mongoose-3.9.7.tgz
39 http fetch 200 https://registry.npmjs.org/mongoose/-/mongoose-3.9.7.tgz
40 silly fetchAndShaCheck shasum b315e6ebe5cefcce3843504b791f038828048da6
41 verbose addTmpTarball /var/folders/5m/ldtrcdmd37nb4g132q5721xm0000gn/T/npm-1546-cf5fa0ae/registry.npmjs.org/mongoose/-/mongoose-3.9.7.tgz not in flight; adding
42 verbose addTmpTarball already have metadata; skipping unpack for mongoose@3.9.7
43 silly cache afterAdd mongoose@3.9.7
44 verbose afterAdd /Users/alexf4/.npm/mongoose/3.9.7/package/package.json not in flight; writing
45 verbose afterAdd /Users/alexf4/.npm/mongoose/3.9.7/package/package.json written
46 silly install resolved [ { name: 'mongoose',
46 silly install resolved     description: 'Mongoose MongoDB ODM',
46 silly install resolved     version: '3.9.7',
46 silly install resolved     author: { name: 'Guillermo Rauch', email: 'guillermo@learnboost.com' },
46 silly install resolved     keywords:
46 silly install resolved      [ 'mongodb',
46 silly install resolved        'document',
46 silly install resolved        'model',
46 silly install resolved        'schema',
46 silly install resolved        'database',
46 silly install resolved        'odm',
46 silly install resolved        'data',
46 silly install resolved        'datastore',
46 silly install resolved        'query',
46 silly install resolved        'nosql',
46 silly install resolved        'orm',
46 silly install resolved        'db' ],
46 silly install resolved     license: 'MIT',
46 silly install resolved     dependencies:
46 silly install resolved      { hooks: '0.3.2',
46 silly install resolved        mongodb: '1.4.12',
46 silly install resolved        ms: '0.1.0',
46 silly install resolved        sliced: '0.0.5',
46 silly install resolved        muri: '0.3.1',
46 silly install resolved        mpromise: '0.5.4',
46 silly install resolved        mpath: '0.1.1',
46 silly install resolved        kareem: '0.0.4',
46 silly install resolved        'regexp-clone': '0.0.1',
46 silly install resolved        mquery: '1.0.0',
46 silly install resolved        async: '0.9.0' },
46 silly install resolved     devDependencies:
46 silly install resolved      { acquit: '0.0.3',
46 silly install resolved        benchmark: '1.0.0',
46 silly install resolved        browserify: '4.1',
46 silly install resolved        co: '3.1.0',
46 silly install resolved        dox: '0.3.1',
46 silly install resolved        'highlight.js': '7.0.1',
46 silly install resolved        jade: '0.26.3',
46 silly install resolved        karma: '0.12.16',
46 silly install resolved        'karma-chai': '0.1.0',
46 silly install resolved        'karma-mocha': '0.1.4',
46 silly install resolved        'karma-chrome-launcher': '0.1.4',
46 silly install resolved        'karma-sauce-launcher': '0.2.8',
46 silly install resolved        markdown: '0.3.1',
46 silly install resolved        marked: '0.3.2',
46 silly install resolved        mocha: '1.20.0',
46 silly install resolved        'node-static': '0.5.9',
46 silly install resolved        open: '0.0.3',
46 silly install resolved        tbd: '0.6.4',
46 silly install resolved        'uglify-js': '2.4.15',
46 silly install resolved        underscore: '1.5.2' },
46 silly install resolved     directories: { lib: './lib/mongoose' },
46 silly install resolved     scripts: { test: 'set MONGOOSE_DISABLE_STABILITY_WARNING=1 && mocha --async-only test/*.test.js' },
46 silly install resolved     main: './index.js',
46 silly install resolved     engines: { node: '>=0.6.19' },
46 silly install resolved     bugs:
46 silly install resolved      { url: 'https://github.com/learnboost/mongoose/issues/new',
46 silly install resolved        email: 'mongoose-orm@googlegroups.com' },
46 silly install resolved     repository: { type: 'git', url: 'git://github.com/LearnBoost/mongoose.git' },
46 silly install resolved     publishConfig: { tag: 'unstable' },
46 silly install resolved     homepage: 'http://mongoosejs.com',
46 silly install resolved     browser: 'lib/browser.js',
46 silly install resolved     gitHead: '7e8bd5af7d2996eacc5f54b859906a9262614684',
46 silly install resolved     _id: 'mongoose@3.9.7',
46 silly install resolved     _shasum: 'b315e6ebe5cefcce3843504b791f038828048da6',
46 silly install resolved     _from: 'mongoose@>=3.8.27 <4.0.0',
46 silly install resolved     _npmVersion: '1.4.21',
46 silly install resolved     _npmUser: { name: 'vkarpov15', email: 'valkar207@gmail.com' },
46 silly install resolved     maintainers: [ [Object], [Object], [Object], [Object], [Object] ],
46 silly install resolved     dist:
46 silly install resolved      { shasum: 'b315e6ebe5cefcce3843504b791f038828048da6',
46 silly install resolved        tarball: 'http://registry.npmjs.org/mongoose/-/mongoose-3.9.7.tgz' },
46 silly install resolved     _resolved: 'https://registry.npmjs.org/mongoose/-/mongoose-3.9.7.tgz' } ]
47 info install mongoose@3.9.7 into /Users/alexf4/Desktop/PrepIt
48 info installOne mongoose@3.9.7
49 verbose installOne of mongoose to /Users/alexf4/Desktop/PrepIt not in flight; installing
50 warn locking Error: EACCES, open '/Users/alexf4/.npm/_locks/mongoose-a8e03c1751e1e66b.lock'
50 warn locking     at Error (native)
50 warn locking  /Users/alexf4/.npm/_locks/mongoose-a8e03c1751e1e66b.lock failed { [Error: EACCES, open '/Users/alexf4/.npm/_locks/mongoose-a8e03c1751e1e66b.lock']
50 warn locking   errno: -13,
50 warn locking   code: 'EACCES',
50 warn locking   path: '/Users/alexf4/.npm/_locks/mongoose-a8e03c1751e1e66b.lock' }
51 verbose stack Error: Attempt to unlock /Users/alexf4/Desktop/PrepIt/node_modules/mongoose, which hasn't been locked
51 verbose stack     at unlock (/usr/local/lib/node_modules/npm/lib/utils/locker.js:66:11)
51 verbose stack     at cb (/usr/local/lib/node_modules/npm/lib/install.js:1004:5)
51 verbose stack     at /usr/local/lib/node_modules/npm/lib/install.js:1008:20
51 verbose stack     at /usr/local/lib/node_modules/npm/lib/utils/locker.js:40:9
51 verbose stack     at cb (/usr/local/lib/node_modules/npm/node_modules/lockfile/lockfile.js:149:38)
51 verbose stack     at /usr/local/lib/node_modules/npm/node_modules/lockfile/lockfile.js:177:38
51 verbose stack     at FSReqWrap.oncomplete (fs.js:95:15)
52 verbose cwd /Users/alexf4/Desktop/PrepIt
53 error Darwin 13.4.0
54 error argv "node" "/usr/local/bin/npm" "install" "mongoose"
55 error node v0.12.2
56 error npm  v2.7.4
57 error Attempt to unlock /Users/alexf4/Desktop/PrepIt/node_modules/mongoose, which hasn't been locked
58 error If you need help, you may report this error at:
58 error     <https://github.com/npm/npm/issues>
59 verbose exit [ 1, true ]
